# JRE version: OpenJDK Runtime Environment Temurin-21.0.9+10 (21.0.9+10) (build 21.0.9+10-LTS)
# Java VM: OpenJDK 64-Bit Server VM Temurin-21.0.9+10 (21.0.9+10-LTS, mixed mode, sharing, tiered, compressed oops, compressed class ptrs, parallel gc, windows-amd64)
GC Precious Log:
 CardTable entry size: 512
 CPUs: 16 total, 16 available
 Memory: 15786M
 Large Page Support: Disabled
 NUMA Support: Disabled
 Compressed Oops: Enabled (32-bit)
 Alignments: Space 512K, Generation 512K, Heap 2M
 Heap Min Capacity: 100M
 Heap Initial Capacity: 100M
 Heap Max Capacity: 2G
 Pre-touch: Disabled
 Parallel Workers: 13
Heap:
 PSYoungGen      total 1536K, used 1199K [0x00000000d5580000, 0x00000000d5800000, 0x0000000100000000)
  eden space 1024K, 82% used [0x00000000d5580000,0x00000000d5653fa8,0x00000000d5680000)
  from space 512K, 68% used [0x00000000d5780000,0x00000000d57d8000,0x00000000d5800000)
  to   space 512K, 0% used [0x00000000d5700000,0x00000000d5700000,0x00000000d5780000)
 ParOldGen       total 451584K, used 439412K [0x0000000080000000, 0x000000009b900000, 0x00000000d5580000)
  object space 451584K, 97% used [0x0000000080000000,0x000000009ad1d230,0x000000009b900000)
 Metaspace       used 70379K, committed 71808K, reserved 1114112K
  class space    used 7393K, committed 8064K, reserved 1048576K
GC Heap History (20 events):
Event: 89.743 GC heap before
{Heap before GC invocations=1241 (full 3):
 PSYoungGen      total 1536K, used 1312K [0x00000000d5580000, 0x00000000d5800000, 0x0000000100000000)
  eden space 1024K, 100% used [0x00000000d5580000,0x00000000d5680000,0x00000000d5680000)
  from space 512K, 56% used [0x00000000d5700000,0x00000000d5748000,0x00000000d5780000)
  to   space 512K, 0% used [0x00000000d5780000,0x00000000d5780000,0x00000000d5800000)
 ParOldGen       total 451584K, used 437791K [0x0000000080000000, 0x000000009b900000, 0x00000000d5580000)
  object space 451584K, 96% used [0x0000000080000000,0x000000009ab87ed8,0x000000009b900000)
 Metaspace       used 70339K, committed 71808K, reserved 1114112K
  class space    used 7392K, committed 8064K, reserved 1048576K
}
Event: 89.745 GC heap after
{Heap after GC invocations=1241 (full 3):
 PSYoungGen      total 1536K, used 256K [0x00000000d5580000, 0x00000000d5800000, 0x0000000100000000)
  eden space 1024K, 0% used [0x00000000d5580000,0x00000000d5580000,0x00000000d5680000)
  from space 512K, 50% used [0x00000000d5780000,0x00000000d57c0000,0x00000000d5800000)
  to   space 512K, 0% used [0x00000000d5700000,0x00000000d5700000,0x00000000d5780000)
 ParOldGen       total 451584K, used 437831K [0x0000000080000000, 0x000000009b900000, 0x00000000d5580000)
  object space 451584K, 96% used [0x0000000080000000,0x000000009ab91ed8,0x000000009b900000)
 Metaspace       used 70339K, committed 71808K, reserved 1114112K
  class space    used 7392K, committed 8064K, reserved 1048576K
}
Event: 90.952 GC heap before
{Heap before GC invocations=1242 (full 3):
 PSYoungGen      total 1536K, used 1279K [0x00000000d5580000, 0x00000000d5800000, 0x0000000100000000)
  eden space 1024K, 99% used [0x00000000d5580000,0x00000000d567ffd0,0x00000000d5680000)
  from space 512K, 50% used [0x00000000d5780000,0x00000000d57c0000,0x00000000d5800000)
  to   space 512K, 0% used [0x00000000d5700000,0x00000000d5700000,0x00000000d5780000)
 ParOldGen       total 451584K, used 437831K [0x0000000080000000, 0x000000009b900000, 0x00000000d5580000)
  object space 451584K, 96% used [0x0000000080000000,0x000000009ab91ed8,0x000000009b900000)
 Metaspace       used 70342K, committed 71808K, reserved 1114112K
  class space    used 7392K, committed 8064K, reserved 1048576K
}
Event: 90.954 GC heap after
{Heap after GC invocations=1242 (full 3):
 PSYoungGen      total 1536K, used 352K [0x00000000d5580000, 0x00000000d5800000, 0x0000000100000000)
  eden space 1024K, 0% used [0x00000000d5580000,0x00000000d5580000,0x00000000d5680000)
  from space 512K, 68% used [0x00000000d5700000,0x00000000d5758000,0x00000000d5780000)
  to   space 512K, 0% used [0x00000000d5780000,0x00000000d5780000,0x00000000d5800000)
 ParOldGen       total 451584K, used 437887K [0x0000000080000000, 0x000000009b900000, 0x00000000d5580000)
  object space 451584K, 96% used [0x0000000080000000,0x000000009ab9fed8,0x000000009b900000)
 Metaspace       used 70342K, committed 71808K, reserved 1114112K
  class space    used 7392K, committed 8064K, reserved 1048576K
}
Event: 91.903 GC heap before
{Heap before GC invocations=1243 (full 3):
 PSYoungGen      total 1536K, used 1376K [0x00000000d5580000, 0x00000000d5800000, 0x0000000100000000)
  eden space 1024K, 100% used [0x00000000d5580000,0x00000000d5680000,0x00000000d5680000)
  from space 512K, 68% used [0x00000000d5700000,0x00000000d5758000,0x00000000d5780000)
  to   space 512K, 0% used [0x00000000d5780000,0x00000000d5780000,0x00000000d5800000)
 ParOldGen       total 451584K, used 437887K [0x0000000080000000, 0x000000009b900000, 0x00000000d5580000)
  object space 451584K, 96% used [0x0000000080000000,0x000000009ab9fed8,0x000000009b900000)
 Metaspace       used 70348K, committed 71808K, reserved 1114112K
  class space    used 7392K, committed 8064K, reserved 1048576K
}
Event: 91.904 GC heap after
{Heap after GC invocations=1243 (full 3):
 PSYoungGen      total 1536K, used 320K [0x00000000d5580000, 0x00000000d5800000, 0x0000000100000000)
  eden space 1024K, 0% used [0x00000000d5580000,0x00000000d5580000,0x00000000d5680000)
  from space 512K, 62% used [0x00000000d5780000,0x00000000d57d0000,0x00000000d5800000)
  to   space 512K, 0% used [0x00000000d5700000,0x00000000d5700000,0x00000000d5780000)
 ParOldGen       total 451584K, used 437959K [0x0000000080000000, 0x000000009b900000, 0x00000000d5580000)
  object space 451584K, 96% used [0x0000000080000000,0x000000009abb1ed8,0x000000009b900000)
 Metaspace       used 70348K, committed 71808K, reserved 1114112K
  class space    used 7392K, committed 8064K, reserved 1048576K
}
Event: 93.045 GC heap before
{Heap before GC invocations=1244 (full 3):
 PSYoungGen      total 1536K, used 1336K [0x00000000d5580000, 0x00000000d5800000, 0x0000000100000000)
  eden space 1024K, 99% used [0x00000000d5580000,0x00000000d567e040,0x00000000d5680000)
  from space 512K, 62% used [0x00000000d5780000,0x00000000d57d0000,0x00000000d5800000)
  to   space 512K, 0% used [0x00000000d5700000,0x00000000d5700000,0x00000000d5780000)
 ParOldGen       total 451584K, used 437959K [0x0000000080000000, 0x000000009b900000, 0x00000000d5580000)
  object space 451584K, 96% used [0x0000000080000000,0x000000009abb1ed8,0x000000009b900000)
 Metaspace       used 70348K, committed 71808K, reserved 1114112K
  class space    used 7392K, committed 8064K, reserved 1048576K
}
Event: 93.047 GC heap after
{Heap after GC invocations=1244 (full 3):
 PSYoungGen      total 1536K, used 368K [0x00000000d5580000, 0x00000000d5800000, 0x0000000100000000)
  eden space 1024K, 0% used [0x00000000d5580000,0x00000000d5580000,0x00000000d5680000)
  from space 512K, 71% used [0x00000000d5700000,0x00000000d575c010,0x00000000d5780000)
  to   space 512K, 0% used [0x00000000d5780000,0x00000000d5780000,0x00000000d5800000)
 ParOldGen       total 451584K, used 438047K [0x0000000080000000, 0x000000009b900000, 0x00000000d5580000)
  object space 451584K, 97% used [0x0000000080000000,0x000000009abc7ed8,0x000000009b900000)
 Metaspace       used 70348K, committed 71808K, reserved 1114112K
  class space    used 7392K, committed 8064K, reserved 1048576K
}
Event: 94.346 GC heap before
{Heap before GC invocations=1245 (full 3):
 PSYoungGen      total 1536K, used 1391K [0x00000000d5580000, 0x00000000d5800000, 0x0000000100000000)
  eden space 1024K, 99% used [0x00000000d5580000,0x00000000d567feb0,0x00000000d5680000)
  from space 512K, 71% used [0x00000000d5700000,0x00000000d575c010,0x00000000d5780000)
  to   space 512K, 0% used [0x00000000d5780000,0x00000000d5780000,0x00000000d5800000)
 ParOldGen       total 451584K, used 438047K [0x0000000080000000, 0x000000009b900000, 0x00000000d5580000)
  object space 451584K, 97% used [0x0000000080000000,0x000000009abc7ed8,0x000000009b900000)
 Metaspace       used 70359K, committed 71808K, reserved 1114112K
  class space    used 7393K, committed 8064K, reserved 1048576K
}
Event: 94.347 GC heap after
{Heap after GC invocations=1245 (full 3):
 PSYoungGen      total 1536K, used 352K [0x00000000d5580000, 0x00000000d5800000, 0x0000000100000000)
  eden space 1024K, 0% used [0x00000000d5580000,0x00000000d5580000,0x00000000d5680000)
  from space 512K, 68% used [0x00000000d5780000,0x00000000d57d8000,0x00000000d5800000)
  to   space 512K, 0% used [0x00000000d5700000,0x00000000d5700000,0x00000000d5780000)
 ParOldGen       total 451584K, used 438111K [0x0000000080000000, 0x000000009b900000, 0x00000000d5580000)
  object space 451584K, 97% used [0x0000000080000000,0x000000009abd7ed8,0x000000009b900000)
 Metaspace       used 70359K, committed 71808K, reserved 1114112K
  class space    used 7393K, committed 8064K, reserved 1048576K
}
Event: 94.354 GC heap before
{Heap before GC invocations=1246 (full 3):
 PSYoungGen      total 1536K, used 1376K [0x00000000d5580000, 0x00000000d5800000, 0x0000000100000000)
  eden space 1024K, 100% used [0x00000000d5580000,0x00000000d5680000,0x00000000d5680000)
  from space 512K, 68% used [0x00000000d5780000,0x00000000d57d8000,0x00000000d5800000)
  to   space 512K, 0% used [0x00000000d5700000,0x00000000d5700000,0x00000000d5780000)
 ParOldGen       total 451584K, used 438111K [0x0000000080000000, 0x000000009b900000, 0x00000000d5580000)
  object space 451584K, 97% used [0x0000000080000000,0x000000009abd7ed8,0x000000009b900000)
 Metaspace       used 70359K, committed 71808K, reserved 1114112K
  class space    used 7393K, committed 8064K, reserved 1048576K
}
Event: 94.355 GC heap after
{Heap after GC invocations=1246 (full 3):
 PSYoungGen      total 1536K, used 512K [0x00000000d5580000, 0x00000000d5880000, 0x0000000100000000)
  eden space 1024K, 0% used [0x00000000d5580000,0x00000000d5580000,0x00000000d5680000)
  from space 512K, 100% used [0x00000000d5700000,0x00000000d5780000,0x00000000d5780000)
  to   space 1024K, 0% used [0x00000000d5780000,0x00000000d5780000,0x00000000d5880000)
 ParOldGen       total 451584K, used 438175K [0x0000000080000000, 0x000000009b900000, 0x00000000d5580000)
  object space 451584K, 97% used [0x0000000080000000,0x000000009abe7ed8,0x000000009b900000)
 Metaspace       used 70359K, committed 71808K, reserved 1114112K
  class space    used 7393K, committed 8064K, reserved 1048576K
}
Event: 94.381 GC heap before
{Heap before GC invocations=1247 (full 3):
 PSYoungGen      total 1536K, used 1528K [0x00000000d5580000, 0x00000000d5880000, 0x0000000100000000)
  eden space 1024K, 99% used [0x00000000d5580000,0x00000000d567e3e0,0x00000000d5680000)
  from space 512K, 100% used [0x00000000d5700000,0x00000000d5780000,0x00000000d5780000)
  to   space 1024K, 0% used [0x00000000d5780000,0x00000000d5780000,0x00000000d5880000)
 ParOldGen       total 451584K, used 438175K [0x0000000080000000, 0x000000009b900000, 0x00000000d5580000)
  object space 451584K, 97% used [0x0000000080000000,0x000000009abe7ed8,0x000000009b900000)
 Metaspace       used 70373K, committed 71808K, reserved 1114112K
  class space    used 7393K, committed 8064K, reserved 1048576K
}
Event: 94.382 GC heap after
{Heap after GC invocations=1247 (full 3):
 PSYoungGen      total 1536K, used 416K [0x00000000d5580000, 0x00000000d5800000, 0x0000000100000000)
  eden space 1024K, 0% used [0x00000000d5580000,0x00000000d5580000,0x00000000d5680000)
  from space 512K, 81% used [0x00000000d5780000,0x00000000d57e8000,0x00000000d5800000)
  to   space 512K, 0% used [0x00000000d5700000,0x00000000d5700000,0x00000000d5780000)
 ParOldGen       total 451584K, used 438524K [0x0000000080000000, 0x000000009b900000, 0x00000000d5580000)
  object space 451584K, 97% used [0x0000000080000000,0x000000009ac3f230,0x000000009b900000)
 Metaspace       used 70373K, committed 71808K, reserved 1114112K
  class space    used 7393K, committed 8064K, reserved 1048576K
}
Event: 94.408 GC heap before
{Heap before GC invocations=1248 (full 3):
 PSYoungGen      total 1536K, used 1440K [0x00000000d5580000, 0x00000000d5800000, 0x0000000100000000)
  eden space 1024K, 100% used [0x00000000d5580000,0x00000000d5680000,0x00000000d5680000)
  from space 512K, 81% used [0x00000000d5780000,0x00000000d57e8000,0x00000000d5800000)
  to   space 512K, 0% used [0x00000000d5700000,0x00000000d5700000,0x00000000d5780000)
 ParOldGen       total 451584K, used 438524K [0x0000000080000000, 0x000000009b900000, 0x00000000d5580000)
  object space 451584K, 97% used [0x0000000080000000,0x000000009ac3f230,0x000000009b900000)
 Metaspace       used 70373K, committed 71808K, reserved 1114112K
  class space    used 7393K, committed 8064K, reserved 1048576K
}
Event: 94.410 GC heap after
{Heap after GC invocations=1248 (full 3):
 PSYoungGen      total 1536K, used 416K [0x00000000d5580000, 0x00000000d5800000, 0x0000000100000000)
  eden space 1024K, 0% used [0x00000000d5580000,0x00000000d5580000,0x00000000d5680000)
  from space 512K, 81% used [0x00000000d5700000,0x00000000d5768020,0x00000000d5780000)
  to   space 512K, 0% used [0x00000000d5780000,0x00000000d5780000,0x00000000d5800000)
 ParOldGen       total 451584K, used 438692K [0x0000000080000000, 0x000000009b900000, 0x00000000d5580000)
  object space 451584K, 97% used [0x0000000080000000,0x000000009ac69230,0x000000009b900000)
 Metaspace       used 70373K, committed 71808K, reserved 1114112K
  class space    used 7393K, committed 8064K, reserved 1048576K
}
Event: 94.412 GC heap before
{Heap before GC invocations=1249 (full 3):
 PSYoungGen      total 1536K, used 1440K [0x00000000d5580000, 0x00000000d5800000, 0x0000000100000000)
  eden space 1024K, 100% used [0x00000000d5580000,0x00000000d5680000,0x00000000d5680000)
  from space 512K, 81% used [0x00000000d5700000,0x00000000d5768020,0x00000000d5780000)
  to   space 512K, 0% used [0x00000000d5780000,0x00000000d5780000,0x00000000d5800000)
 ParOldGen       total 451584K, used 438692K [0x0000000080000000, 0x000000009b900000, 0x00000000d5580000)
  object space 451584K, 97% used [0x0000000080000000,0x000000009ac69230,0x000000009b900000)
 Metaspace       used 70373K, committed 71808K, reserved 1114112K
  class space    used 7393K, committed 8064K, reserved 1048576K
}
Event: 94.413 GC heap after
{Heap after GC invocations=1249 (full 3):
 PSYoungGen      total 1536K, used 512K [0x00000000d5580000, 0x00000000d5880000, 0x0000000100000000)
  eden space 1024K, 0% used [0x00000000d5580000,0x00000000d5580000,0x00000000d5680000)
  from space 512K, 100% used [0x00000000d5780000,0x00000000d5800000,0x00000000d5800000)
  to   space 1024K, 0% used [0x00000000d5680000,0x00000000d5680000,0x00000000d5780000)
 ParOldGen       total 451584K, used 438804K [0x0000000080000000, 0x000000009b900000, 0x00000000d5580000)
  object space 451584K, 97% used [0x0000000080000000,0x000000009ac85230,0x000000009b900000)
 Metaspace       used 70373K, committed 71808K, reserved 1114112K
  class space    used 7393K, committed 8064K, reserved 1048576K
}
Event: 94.427 GC heap before
{Heap before GC invocations=1250 (full 3):
 PSYoungGen      total 1536K, used 1536K [0x00000000d5580000, 0x00000000d5880000, 0x0000000100000000)
  eden space 1024K, 100% used [0x00000000d5580000,0x00000000d5680000,0x00000000d5680000)
  from space 512K, 100% used [0x00000000d5780000,0x00000000d5800000,0x00000000d5800000)
  to   space 1024K, 0% used [0x00000000d5680000,0x00000000d5680000,0x00000000d5780000)
 ParOldGen       total 451584K, used 438804K [0x0000000080000000, 0x000000009b900000, 0x00000000d5580000)
  object space 451584K, 97% used [0x0000000080000000,0x000000009ac85230,0x000000009b900000)
 Metaspace       used 70379K, committed 71808K, reserved 1114112K
  class space    used 7393K, committed 8064K, reserved 1048576K
}
Event: 94.428 GC heap after
{Heap after GC invocations=1250 (full 3):
 PSYoungGen      total 2048K, used 384K [0x00000000d5580000, 0x00000000d5800000, 0x0000000100000000)
  eden space 1024K, 0% used [0x00000000d5580000,0x00000000d5580000,0x00000000d5680000)
  from space 1024K, 37% used [0x00000000d5680000,0x00000000d56e0000,0x00000000d5780000)
  to   space 512K, 0% used [0x00000000d5780000,0x00000000d5780000,0x00000000d5800000)
 ParOldGen       total 451584K, used 439196K [0x0000000080000000, 0x000000009b900000, 0x00000000d5580000)
  object space 451584K, 97% used [0x0000000080000000,0x000000009ace7230,0x000000009b900000)
 Metaspace       used 70379K, committed 71808K, reserved 1114112K
  class space    used 7393K, committed 8064K, reserved 1048576K
}

