# JRE version: Java(TM) SE Runtime Environment (17.0.16+12) (build 17.0.16+12-LTS-247)
# Java VM: Java HotSpot(TM) 64-Bit Server VM (17.0.16+12-LTS-247, mixed mode, emulated-client, sharing, tiered, compressed oops, compressed class ptrs, g1 gc, windows-amd64)
GC Precious Log:
 CPUs: 16 total, 16 available
 Memory: 15786M
 Large Page Support: Disabled
 NUMA Support: Disabled
 Compressed Oops: Enabled (Zero based)
 Heap Region Size: 2M
 Heap Min Capacity: 8M
 Heap Initial Capacity: 248M
 Heap Max Capacity: 3948M
 Pre-touch: Disabled
 Parallel Workers: 13
 Concurrent Workers: 3
 Concurrent Refinement Workers: 13
 Periodic GC: Disabled
Heap:
 garbage-first heap   total 75776K, used 35093K [0x0000000709400000, 0x0000000800000000)
  region size 2048K, 2 young (4096K), 2 survivors (4096K)
 Metaspace       used 64550K, committed 65088K, reserved 1114112K
  class space    used 8811K, committed 9088K, reserved 1048576K
GC Heap History (20 events):
Event: 3.410 GC heap after
{Heap after GC invocations=7 (full 0):
 garbage-first heap   total 55296K, used 15406K [0x0000000709400000, 0x0000000800000000)
  region size 2048K, 1 young (2048K), 1 survivors (2048K)
 Metaspace       used 27469K, committed 27904K, reserved 1114112K
  class space    used 3800K, committed 3968K, reserved 1048576K
}
Event: 3.733 GC heap before
{Heap before GC invocations=7 (full 0):
 garbage-first heap   total 55296K, used 37934K [0x0000000709400000, 0x0000000800000000)
  region size 2048K, 12 young (24576K), 1 survivors (2048K)
 Metaspace       used 30949K, committed 31424K, reserved 1114112K
  class space    used 4337K, committed 4544K, reserved 1048576K
}
Event: 3.739 GC heap after
{Heap after GC invocations=8 (full 0):
 garbage-first heap   total 155648K, used 17213K [0x0000000709400000, 0x0000000800000000)
  region size 2048K, 2 young (4096K), 2 survivors (4096K)
 Metaspace       used 30949K, committed 31424K, reserved 1114112K
  class space    used 4337K, committed 4544K, reserved 1048576K
}
Event: 4.155 GC heap before
{Heap before GC invocations=8 (full 0):
 garbage-first heap   total 155648K, used 52029K [0x0000000709400000, 0x0000000800000000)
  region size 2048K, 20 young (40960K), 2 survivors (4096K)
 Metaspace       used 35681K, committed 36096K, reserved 1114112K
  class space    used 5001K, committed 5184K, reserved 1048576K
}
Event: 4.159 GC heap after
{Heap after GC invocations=9 (full 0):
 garbage-first heap   total 155648K, used 19120K [0x0000000709400000, 0x0000000800000000)
  region size 2048K, 3 young (6144K), 3 survivors (6144K)
 Metaspace       used 35681K, committed 36096K, reserved 1114112K
  class space    used 5001K, committed 5184K, reserved 1048576K
}
Event: 4.756 GC heap before
{Heap before GC invocations=10 (full 0):
 garbage-first heap   total 75776K, used 58032K [0x0000000709400000, 0x0000000800000000)
  region size 2048K, 22 young (45056K), 3 survivors (6144K)
 Metaspace       used 43244K, committed 43776K, reserved 1114112K
  class space    used 5998K, committed 6272K, reserved 1048576K
}
Event: 4.761 GC heap after
{Heap after GC invocations=11 (full 0):
 garbage-first heap   total 75776K, used 22535K [0x0000000709400000, 0x0000000800000000)
  region size 2048K, 3 young (6144K), 3 survivors (6144K)
 Metaspace       used 43244K, committed 43776K, reserved 1114112K
  class space    used 5998K, committed 6272K, reserved 1048576K
}
Event: 4.789 GC heap before
{Heap before GC invocations=11 (full 0):
 garbage-first heap   total 75776K, used 24583K [0x0000000709400000, 0x0000000800000000)
  region size 2048K, 4 young (8192K), 3 survivors (6144K)
 Metaspace       used 43589K, committed 44096K, reserved 1114112K
  class space    used 6053K, committed 6272K, reserved 1048576K
}
Event: 4.792 GC heap after
{Heap after GC invocations=12 (full 0):
 garbage-first heap   total 75776K, used 23000K [0x0000000709400000, 0x0000000800000000)
  region size 2048K, 1 young (2048K), 1 survivors (2048K)
 Metaspace       used 43589K, committed 44096K, reserved 1114112K
  class space    used 6053K, committed 6272K, reserved 1048576K
}
Event: 5.131 GC heap before
{Heap before GC invocations=12 (full 0):
 garbage-first heap   total 75776K, used 55768K [0x0000000709400000, 0x0000000800000000)
  region size 2048K, 17 young (34816K), 1 survivors (2048K)
 Metaspace       used 46374K, committed 46912K, reserved 1114112K
  class space    used 6500K, committed 6720K, reserved 1048576K
}
Event: 5.134 GC heap after
{Heap after GC invocations=13 (full 0):
 garbage-first heap   total 75776K, used 24316K [0x0000000709400000, 0x0000000800000000)
  region size 2048K, 2 young (4096K), 2 survivors (4096K)
 Metaspace       used 46374K, committed 46912K, reserved 1114112K
  class space    used 6500K, committed 6720K, reserved 1048576K
}
Event: 5.473 GC heap before
{Heap before GC invocations=13 (full 0):
 garbage-first heap   total 75776K, used 57084K [0x0000000709400000, 0x0000000800000000)
  region size 2048K, 18 young (36864K), 2 survivors (4096K)
 Metaspace       used 48739K, committed 49216K, reserved 1114112K
  class space    used 6823K, committed 7040K, reserved 1048576K
}
Event: 5.476 GC heap after
{Heap after GC invocations=14 (full 0):
 garbage-first heap   total 75776K, used 26908K [0x0000000709400000, 0x0000000800000000)
  region size 2048K, 3 young (6144K), 3 survivors (6144K)
 Metaspace       used 48739K, committed 49216K, reserved 1114112K
  class space    used 6823K, committed 7040K, reserved 1048576K
}
Event: 21.872 GC heap before
{Heap before GC invocations=14 (full 0):
 garbage-first heap   total 75776K, used 55580K [0x0000000709400000, 0x0000000800000000)
  region size 2048K, 18 young (36864K), 3 survivors (6144K)
 Metaspace       used 53928K, committed 54464K, reserved 1114112K
  class space    used 7493K, committed 7744K, reserved 1048576K
}
Event: 21.877 GC heap after
{Heap after GC invocations=15 (full 0):
 garbage-first heap   total 75776K, used 28730K [0x0000000709400000, 0x0000000800000000)
  region size 2048K, 3 young (6144K), 3 survivors (6144K)
 Metaspace       used 53928K, committed 54464K, reserved 1114112K
  class space    used 7493K, committed 7744K, reserved 1048576K
}
Event: 22.326 GC heap before
{Heap before GC invocations=15 (full 0):
 garbage-first heap   total 75776K, used 55354K [0x0000000709400000, 0x0000000800000000)
  region size 2048K, 17 young (34816K), 3 survivors (6144K)
 Metaspace       used 59651K, committed 60224K, reserved 1114112K
  class space    used 8120K, committed 8384K, reserved 1048576K
}
Event: 22.330 GC heap after
{Heap after GC invocations=16 (full 0):
 garbage-first heap   total 75776K, used 31881K [0x0000000709400000, 0x0000000800000000)
  region size 2048K, 3 young (6144K), 3 survivors (6144K)
 Metaspace       used 59651K, committed 60224K, reserved 1114112K
  class space    used 8120K, committed 8384K, reserved 1048576K
}
Event: 22.359 GC heap before
{Heap before GC invocations=16 (full 0):
 garbage-first heap   total 75776K, used 33929K [0x0000000709400000, 0x0000000800000000)
  region size 2048K, 5 young (10240K), 3 survivors (6144K)
 Metaspace       used 59930K, committed 60416K, reserved 1114112K
  class space    used 8160K, committed 8384K, reserved 1048576K
}
Event: 22.361 GC heap after
{Heap after GC invocations=17 (full 0):
 garbage-first heap   total 75776K, used 32612K [0x0000000709400000, 0x0000000800000000)
  region size 2048K, 1 young (2048K), 1 survivors (2048K)
 Metaspace       used 59930K, committed 60416K, reserved 1114112K
  class space    used 8160K, committed 8384K, reserved 1048576K
}
Event: 22.938 GC heap before
{Heap before GC invocations=18 (full 0):
 garbage-first heap   total 75776K, used 53092K [0x0000000709400000, 0x0000000800000000)
  region size 2048K, 12 young (24576K), 1 survivors (2048K)
 Metaspace       used 64550K, committed 65088K, reserved 1114112K
  class space    used 8811K, committed 9088K, reserved 1048576K
}

